[2020-10-13 12:31:45] local.ERROR: Please provide a valid cache path. {"exception":"[object] (InvalidArgumentException(code: 0): Please provide a valid cache path. at C:\\OpenServer\\domains\\lashop_test.loc\\vendor\\laravel\\framework\\src\\Illuminate\\View\\Compilers\\Compiler.php:36)
[stacktrace]
#0 C:\\OpenServer\\domains\\lashop_test.loc\\vendor\\laravel\\framework\\src\\Illuminate\\View\\ViewServiceProvider.php(88): Illuminate\\View\\Compilers\\Compiler->__construct()
#1 C:\\OpenServer\\domains\\lashop_test.loc\\vendor\\laravel\\framework\\src\\Illuminate\\Container\\Container.php(805): Illuminate\\View\\ViewServiceProvider->Illuminate\\View\\{closure}()
#2 C:\\OpenServer\\domains\\lashop_test.loc\\vendor\\laravel\\framework\\src\\Illuminate\\Container\\Container.php(691): Illuminate\\Container\\Container->build()
#3 C:\\OpenServer\\domains\\lashop_test.loc\\vendor\\laravel\\framework\\src\\Illuminate\\Foundation\\Application.php(796): Illuminate\\Container\\Container->resolve()
#4 C:\\OpenServer\\domains\\lashop_test.loc\\vendor\\laravel\\framework\\src\\Illuminate\\Container\\Container.php(637): Illuminate\\Foundation\\Application->resolve()
#5 C:\\OpenServer\\domains\\lashop_test.loc\\vendor\\laravel\\framework\\src\\Illuminate\\Foundation\\Application.php(781): Illuminate\\Container\\Container->make()
#6 C:\\OpenServer\\domains\\lashop_test.loc\\vendor\\laravel\\framework\\src\\Illuminate\\Container\\Container.php(1280): Illuminate\\Foundation\\Application->make()
#7 C:\\OpenServer\\domains\\lashop_test.loc\\vendor\\laravel\\framework\\src\\Illuminate\\Support\\Facades\\Facade.php(198): Illuminate\\Container\\Container->offsetGet()
#8 C:\\OpenServer\\domains\\lashop_test.loc\\vendor\\laravel\\framework\\src\\Illuminate\\Support\\Facades\\Facade.php(166): Illuminate\\Support\\Facades\\Facade::resolveFacadeInstance()
#9 C:\\OpenServer\\domains\\lashop_test.loc\\vendor\\laravel\\framework\\src\\Illuminate\\Support\\Facades\\Facade.php(255): Illuminate\\Support\\Facades\\Facade::getFacadeRoot()
#10 C:\\OpenServer\\domains\\lashop_test.loc\\vendor\\arrilot\\laravel-widgets\\src\\ServiceProvider.php(76): Illuminate\\Support\\Facades\\Facade::__callStatic()
#11 [internal function]: Arrilot\\Widgets\\ServiceProvider->boot()
#12 C:\\OpenServer\\domains\\lashop_test.loc\\vendor\\laravel\\framework\\src\\Illuminate\\Container\\BoundMethod.php(37): call_user_func_array()
#13 C:\\OpenServer\\domains\\lashop_test.loc\\vendor\\laravel\\framework\\src\\Illuminate\\Container\\Util.php(40): Illuminate\\Container\\BoundMethod::Illuminate\\Container\\{closure}()
#14 C:\\OpenServer\\domains\\lashop_test.loc\\vendor\\laravel\\framework\\src\\Illuminate\\Container\\BoundMethod.php(95): Illuminate\\Container\\Util::unwrapIfClosure()
#15 C:\\OpenServer\\domains\\lashop_test.loc\\vendor\\laravel\\framework\\src\\Illuminate\\Container\\BoundMethod.php(39): Illuminate\\Container\\BoundMethod::callBoundMethod()
#16 C:\\OpenServer\\domains\\lashop_test.loc\\vendor\\laravel\\framework\\src\\Illuminate\\Container\\Container.php(596): Illuminate\\Container\\BoundMethod::call()
#17 C:\\OpenServer\\domains\\lashop_test.loc\\vendor\\laravel\\framework\\src\\Illuminate\\Foundation\\Application.php(869): Illuminate\\Container\\Container->call()
#18 C:\\OpenServer\\domains\\lashop_test.loc\\vendor\\laravel\\framework\\src\\Illuminate\\Foundation\\Application.php(850): Illuminate\\Foundation\\Application->bootProvider()
#19 [internal function]: Illuminate\\Foundation\\Application->Illuminate\\Foundation\\{closure}()
#20 C:\\OpenServer\\domains\\lashop_test.loc\\vendor\\laravel\\framework\\src\\Illuminate\\Foundation\\Application.php(851): array_walk()
#21 C:\\OpenServer\\domains\\lashop_test.loc\\vendor\\laravel\\framework\\src\\Illuminate\\Foundation\\Bootstrap\\BootProviders.php(17): Illuminate\\Foundation\\Application->boot()
#22 C:\\OpenServer\\domains\\lashop_test.loc\\vendor\\laravel\\framework\\src\\Illuminate\\Foundation\\Application.php(230): Illuminate\\Foundation\\Bootstrap\\BootProviders->bootstrap()
#23 C:\\OpenServer\\domains\\lashop_test.loc\\vendor\\laravel\\framework\\src\\Illuminate\\Foundation\\Http\\Kernel.php(152): Illuminate\\Foundation\\Application->bootstrapWith()
#24 C:\\OpenServer\\domains\\lashop_test.loc\\vendor\\laravel\\framework\\src\\Illuminate\\Foundation\\Http\\Kernel.php(136): Illuminate\\Foundation\\Http\\Kernel->bootstrap()
#25 C:\\OpenServer\\domains\\lashop_test.loc\\vendor\\laravel\\framework\\src\\Illuminate\\Foundation\\Http\\Kernel.php(110): Illuminate\\Foundation\\Http\\Kernel->sendRequestThroughRouter()
#26 C:\\OpenServer\\domains\\lashop_test.loc\\public\\index.php(55): Illuminate\\Foundation\\Http\\Kernel->handle()
#27 C:\\OpenServer\\domains\\lashop_test.loc\\server.php(21): require_once('C:\\\\OpenServer\\\\d...')
#28 {main}
"} 
[2020-10-13 12:31:46] local.ERROR: Please provide a valid cache path. {"exception":"[object] (InvalidArgumentException(code: 0): Please provide a valid cache path. at C:\\OpenServer\\domains\\lashop_test.loc\\vendor\\laravel\\framework\\src\\Illuminate\\View\\Compilers\\Compiler.php:36)
[stacktrace]
#0 C:\\OpenServer\\domains\\lashop_test.loc\\vendor\\laravel\\framework\\src\\Illuminate\\View\\ViewServiceProvider.php(88): Illuminate\\View\\Compilers\\Compiler->__construct()
#1 C:\\OpenServer\\domains\\lashop_test.loc\\vendor\\laravel\\framework\\src\\Illuminate\\Container\\Container.php(805): Illuminate\\View\\ViewServiceProvider->Illuminate\\View\\{closure}()
#2 C:\\OpenServer\\domains\\lashop_test.loc\\vendor\\laravel\\framework\\src\\Illuminate\\Container\\Container.php(691): Illuminate\\Container\\Container->build()
#3 C:\\OpenServer\\domains\\lashop_test.loc\\vendor\\laravel\\framework\\src\\Illuminate\\Foundation\\Application.php(796): Illuminate\\Container\\Container->resolve()
#4 C:\\OpenServer\\domains\\lashop_test.loc\\vendor\\laravel\\framework\\src\\Illuminate\\Container\\Container.php(637): Illuminate\\Foundation\\Application->resolve()
#5 C:\\OpenServer\\domains\\lashop_test.loc\\vendor\\laravel\\framework\\src\\Illuminate\\Foundation\\Application.php(781): Illuminate\\Container\\Container->make()
#6 C:\\OpenServer\\domains\\lashop_test.loc\\vendor\\laravel\\framework\\src\\Illuminate\\Container\\Container.php(1280): Illuminate\\Foundation\\Application->make()
#7 C:\\OpenServer\\domains\\lashop_test.loc\\vendor\\laravel\\framework\\src\\Illuminate\\Support\\Facades\\Facade.php(198): Illuminate\\Container\\Container->offsetGet()
#8 C:\\OpenServer\\domains\\lashop_test.loc\\vendor\\laravel\\framework\\src\\Illuminate\\Support\\Facades\\Facade.php(166): Illuminate\\Support\\Facades\\Facade::resolveFacadeInstance()
#9 C:\\OpenServer\\domains\\lashop_test.loc\\vendor\\laravel\\framework\\src\\Illuminate\\Support\\Facades\\Facade.php(255): Illuminate\\Support\\Facades\\Facade::getFacadeRoot()
#10 C:\\OpenServer\\domains\\lashop_test.loc\\vendor\\arrilot\\laravel-widgets\\src\\ServiceProvider.php(76): Illuminate\\Support\\Facades\\Facade::__callStatic()
#11 [internal function]: Arrilot\\Widgets\\ServiceProvider->boot()
#12 C:\\OpenServer\\domains\\lashop_test.loc\\vendor\\laravel\\framework\\src\\Illuminate\\Container\\BoundMethod.php(37): call_user_func_array()
#13 C:\\OpenServer\\domains\\lashop_test.loc\\vendor\\laravel\\framework\\src\\Illuminate\\Container\\Util.php(40): Illuminate\\Container\\BoundMethod::Illuminate\\Container\\{closure}()
#14 C:\\OpenServer\\domains\\lashop_test.loc\\vendor\\laravel\\framework\\src\\Illuminate\\Container\\BoundMethod.php(95): Illuminate\\Container\\Util::unwrapIfClosure()
#15 C:\\OpenServer\\domains\\lashop_test.loc\\vendor\\laravel\\framework\\src\\Illuminate\\Container\\BoundMethod.php(39): Illuminate\\Container\\BoundMethod::callBoundMethod()
#16 C:\\OpenServer\\domains\\lashop_test.loc\\vendor\\laravel\\framework\\src\\Illuminate\\Container\\Container.php(596): Illuminate\\Container\\BoundMethod::call()
#17 C:\\OpenServer\\domains\\lashop_test.loc\\vendor\\laravel\\framework\\src\\Illuminate\\Foundation\\Application.php(869): Illuminate\\Container\\Container->call()
#18 C:\\OpenServer\\domains\\lashop_test.loc\\vendor\\laravel\\framework\\src\\Illuminate\\Foundation\\Application.php(850): Illuminate\\Foundation\\Application->bootProvider()
#19 [internal function]: Illuminate\\Foundation\\Application->Illuminate\\Foundation\\{closure}()
#20 C:\\OpenServer\\domains\\lashop_test.loc\\vendor\\laravel\\framework\\src\\Illuminate\\Foundation\\Application.php(851): array_walk()
#21 C:\\OpenServer\\domains\\lashop_test.loc\\vendor\\laravel\\framework\\src\\Illuminate\\Foundation\\Bootstrap\\BootProviders.php(17): Illuminate\\Foundation\\Application->boot()
#22 C:\\OpenServer\\domains\\lashop_test.loc\\vendor\\laravel\\framework\\src\\Illuminate\\Foundation\\Application.php(230): Illuminate\\Foundation\\Bootstrap\\BootProviders->bootstrap()
#23 C:\\OpenServer\\domains\\lashop_test.loc\\vendor\\laravel\\framework\\src\\Illuminate\\Foundation\\Http\\Kernel.php(152): Illuminate\\Foundation\\Application->bootstrapWith()
#24 C:\\OpenServer\\domains\\lashop_test.loc\\vendor\\laravel\\framework\\src\\Illuminate\\Foundation\\Http\\Kernel.php(136): Illuminate\\Foundation\\Http\\Kernel->bootstrap()
#25 C:\\OpenServer\\domains\\lashop_test.loc\\vendor\\laravel\\framework\\src\\Illuminate\\Foundation\\Http\\Kernel.php(110): Illuminate\\Foundation\\Http\\Kernel->sendRequestThroughRouter()
#26 C:\\OpenServer\\domains\\lashop_test.loc\\public\\index.php(55): Illuminate\\Foundation\\Http\\Kernel->handle()
#27 C:\\OpenServer\\domains\\lashop_test.loc\\server.php(21): require_once('C:\\\\OpenServer\\\\d...')
#28 {main}
"} 
[2020-10-13 12:31:47] local.ERROR: Please provide a valid cache path. {"exception":"[object] (InvalidArgumentException(code: 0): Please provide a valid cache path. at C:\\OpenServer\\domains\\lashop_test.loc\\vendor\\laravel\\framework\\src\\Illuminate\\View\\Compilers\\Compiler.php:36)
[stacktrace]
#0 C:\\OpenServer\\domains\\lashop_test.loc\\vendor\\laravel\\framework\\src\\Illuminate\\View\\ViewServiceProvider.php(88): Illuminate\\View\\Compilers\\Compiler->__construct()
#1 C:\\OpenServer\\domains\\lashop_test.loc\\vendor\\laravel\\framework\\src\\Illuminate\\Container\\Container.php(805): Illuminate\\View\\ViewServiceProvider->Illuminate\\View\\{closure}()
#2 C:\\OpenServer\\domains\\lashop_test.loc\\vendor\\laravel\\framework\\src\\Illuminate\\Container\\Container.php(691): Illuminate\\Container\\Container->build()
#3 C:\\OpenServer\\domains\\lashop_test.loc\\vendor\\laravel\\framework\\src\\Illuminate\\Foundation\\Application.php(796): Illuminate\\Container\\Container->resolve()
#4 C:\\OpenServer\\domains\\lashop_test.loc\\vendor\\laravel\\framework\\src\\Illuminate\\Container\\Container.php(637): Illuminate\\Foundation\\Application->resolve()
#5 C:\\OpenServer\\domains\\lashop_test.loc\\vendor\\laravel\\framework\\src\\Illuminate\\Foundation\\Application.php(781): Illuminate\\Container\\Container->make()
#6 C:\\OpenServer\\domains\\lashop_test.loc\\vendor\\laravel\\framework\\src\\Illuminate\\Container\\Container.php(1280): Illuminate\\Foundation\\Application->make()
#7 C:\\OpenServer\\domains\\lashop_test.loc\\vendor\\laravel\\framework\\src\\Illuminate\\Support\\Facades\\Facade.php(198): Illuminate\\Container\\Container->offsetGet()
#8 C:\\OpenServer\\domains\\lashop_test.loc\\vendor\\laravel\\framework\\src\\Illuminate\\Support\\Facades\\Facade.php(166): Illuminate\\Support\\Facades\\Facade::resolveFacadeInstance()
#9 C:\\OpenServer\\domains\\lashop_test.loc\\vendor\\laravel\\framework\\src\\Illuminate\\Support\\Facades\\Facade.php(255): Illuminate\\Support\\Facades\\Facade::getFacadeRoot()
#10 C:\\OpenServer\\domains\\lashop_test.loc\\vendor\\arrilot\\laravel-widgets\\src\\ServiceProvider.php(76): Illuminate\\Support\\Facades\\Facade::__callStatic()
#11 [internal function]: Arrilot\\Widgets\\ServiceProvider->boot()
#12 C:\\OpenServer\\domains\\lashop_test.loc\\vendor\\laravel\\framework\\src\\Illuminate\\Container\\BoundMethod.php(37): call_user_func_array()
#13 C:\\OpenServer\\domains\\lashop_test.loc\\vendor\\laravel\\framework\\src\\Illuminate\\Container\\Util.php(40): Illuminate\\Container\\BoundMethod::Illuminate\\Container\\{closure}()
#14 C:\\OpenServer\\domains\\lashop_test.loc\\vendor\\laravel\\framework\\src\\Illuminate\\Container\\BoundMethod.php(95): Illuminate\\Container\\Util::unwrapIfClosure()
#15 C:\\OpenServer\\domains\\lashop_test.loc\\vendor\\laravel\\framework\\src\\Illuminate\\Container\\BoundMethod.php(39): Illuminate\\Container\\BoundMethod::callBoundMethod()
#16 C:\\OpenServer\\domains\\lashop_test.loc\\vendor\\laravel\\framework\\src\\Illuminate\\Container\\Container.php(596): Illuminate\\Container\\BoundMethod::call()
#17 C:\\OpenServer\\domains\\lashop_test.loc\\vendor\\laravel\\framework\\src\\Illuminate\\Foundation\\Application.php(869): Illuminate\\Container\\Container->call()
#18 C:\\OpenServer\\domains\\lashop_test.loc\\vendor\\laravel\\framework\\src\\Illuminate\\Foundation\\Application.php(850): Illuminate\\Foundation\\Application->bootProvider()
#19 [internal function]: Illuminate\\Foundation\\Application->Illuminate\\Foundation\\{closure}()
#20 C:\\OpenServer\\domains\\lashop_test.loc\\vendor\\laravel\\framework\\src\\Illuminate\\Foundation\\Application.php(851): array_walk()
#21 C:\\OpenServer\\domains\\lashop_test.loc\\vendor\\laravel\\framework\\src\\Illuminate\\Foundation\\Bootstrap\\BootProviders.php(17): Illuminate\\Foundation\\Application->boot()
#22 C:\\OpenServer\\domains\\lashop_test.loc\\vendor\\laravel\\framework\\src\\Illuminate\\Foundation\\Application.php(230): Illuminate\\Foundation\\Bootstrap\\BootProviders->bootstrap()
#23 C:\\OpenServer\\domains\\lashop_test.loc\\vendor\\laravel\\framework\\src\\Illuminate\\Foundation\\Http\\Kernel.php(152): Illuminate\\Foundation\\Application->bootstrapWith()
#24 C:\\OpenServer\\domains\\lashop_test.loc\\vendor\\laravel\\framework\\src\\Illuminate\\Foundation\\Http\\Kernel.php(136): Illuminate\\Foundation\\Http\\Kernel->bootstrap()
#25 C:\\OpenServer\\domains\\lashop_test.loc\\vendor\\laravel\\framework\\src\\Illuminate\\Foundation\\Http\\Kernel.php(110): Illuminate\\Foundation\\Http\\Kernel->sendRequestThroughRouter()
#26 C:\\OpenServer\\domains\\lashop_test.loc\\public\\index.php(55): Illuminate\\Foundation\\Http\\Kernel->handle()
#27 C:\\OpenServer\\domains\\lashop_test.loc\\server.php(21): require_once('C:\\\\OpenServer\\\\d...')
#28 {main}
"} 
[2020-10-13 12:45:35] local.ERROR: Please provide a valid cache path. {"exception":"[object] (InvalidArgumentException(code: 0): Please provide a valid cache path. at C:\\OpenServer\\domains\\lashop_test.loc\\vendor\\laravel\\framework\\src\\Illuminate\\View\\Compilers\\Compiler.php:36)
[stacktrace]
#0 C:\\OpenServer\\domains\\lashop_test.loc\\vendor\\laravel\\framework\\src\\Illuminate\\View\\ViewServiceProvider.php(88): Illuminate\\View\\Compilers\\Compiler->__construct()
#1 C:\\OpenServer\\domains\\lashop_test.loc\\vendor\\laravel\\framework\\src\\Illuminate\\Container\\Container.php(805): Illuminate\\View\\ViewServiceProvider->Illuminate\\View\\{closure}()
#2 C:\\OpenServer\\domains\\lashop_test.loc\\vendor\\laravel\\framework\\src\\Illuminate\\Container\\Container.php(691): Illuminate\\Container\\Container->build()
#3 C:\\OpenServer\\domains\\lashop_test.loc\\vendor\\laravel\\framework\\src\\Illuminate\\Foundation\\Application.php(796): Illuminate\\Container\\Container->resolve()
#4 C:\\OpenServer\\domains\\lashop_test.loc\\vendor\\laravel\\framework\\src\\Illuminate\\Container\\Container.php(637): Illuminate\\Foundation\\Application->resolve()
#5 C:\\OpenServer\\domains\\lashop_test.loc\\vendor\\laravel\\framework\\src\\Illuminate\\Foundation\\Application.php(781): Illuminate\\Container\\Container->make()
#6 C:\\OpenServer\\domains\\lashop_test.loc\\vendor\\laravel\\framework\\src\\Illuminate\\Container\\Container.php(1280): Illuminate\\Foundation\\Application->make()
#7 C:\\OpenServer\\domains\\lashop_test.loc\\vendor\\laravel\\framework\\src\\Illuminate\\Support\\Facades\\Facade.php(198): Illuminate\\Container\\Container->offsetGet()
#8 C:\\OpenServer\\domains\\lashop_test.loc\\vendor\\laravel\\framework\\src\\Illuminate\\Support\\Facades\\Facade.php(166): Illuminate\\Support\\Facades\\Facade::resolveFacadeInstance()
#9 C:\\OpenServer\\domains\\lashop_test.loc\\vendor\\laravel\\framework\\src\\Illuminate\\Support\\Facades\\Facade.php(255): Illuminate\\Support\\Facades\\Facade::getFacadeRoot()
#10 C:\\OpenServer\\domains\\lashop_test.loc\\vendor\\arrilot\\laravel-widgets\\src\\ServiceProvider.php(76): Illuminate\\Support\\Facades\\Facade::__callStatic()
#11 [internal function]: Arrilot\\Widgets\\ServiceProvider->boot()
#12 C:\\OpenServer\\domains\\lashop_test.loc\\vendor\\laravel\\framework\\src\\Illuminate\\Container\\BoundMethod.php(37): call_user_func_array()
#13 C:\\OpenServer\\domains\\lashop_test.loc\\vendor\\laravel\\framework\\src\\Illuminate\\Container\\Util.php(40): Illuminate\\Container\\BoundMethod::Illuminate\\Container\\{closure}()
#14 C:\\OpenServer\\domains\\lashop_test.loc\\vendor\\laravel\\framework\\src\\Illuminate\\Container\\BoundMethod.php(95): Illuminate\\Container\\Util::unwrapIfClosure()
#15 C:\\OpenServer\\domains\\lashop_test.loc\\vendor\\laravel\\framework\\src\\Illuminate\\Container\\BoundMethod.php(39): Illuminate\\Container\\BoundMethod::callBoundMethod()
#16 C:\\OpenServer\\domains\\lashop_test.loc\\vendor\\laravel\\framework\\src\\Illuminate\\Container\\Container.php(596): Illuminate\\Container\\BoundMethod::call()
#17 C:\\OpenServer\\domains\\lashop_test.loc\\vendor\\laravel\\framework\\src\\Illuminate\\Foundation\\Application.php(869): Illuminate\\Container\\Container->call()
#18 C:\\OpenServer\\domains\\lashop_test.loc\\vendor\\laravel\\framework\\src\\Illuminate\\Foundation\\Application.php(850): Illuminate\\Foundation\\Application->bootProvider()
#19 [internal function]: Illuminate\\Foundation\\Application->Illuminate\\Foundation\\{closure}()
#20 C:\\OpenServer\\domains\\lashop_test.loc\\vendor\\laravel\\framework\\src\\Illuminate\\Foundation\\Application.php(851): array_walk()
#21 C:\\OpenServer\\domains\\lashop_test.loc\\vendor\\laravel\\framework\\src\\Illuminate\\Foundation\\Bootstrap\\BootProviders.php(17): Illuminate\\Foundation\\Application->boot()
#22 C:\\OpenServer\\domains\\lashop_test.loc\\vendor\\laravel\\framework\\src\\Illuminate\\Foundation\\Application.php(230): Illuminate\\Foundation\\Bootstrap\\BootProviders->bootstrap()
#23 C:\\OpenServer\\domains\\lashop_test.loc\\vendor\\laravel\\framework\\src\\Illuminate\\Foundation\\Http\\Kernel.php(152): Illuminate\\Foundation\\Application->bootstrapWith()
#24 C:\\OpenServer\\domains\\lashop_test.loc\\vendor\\laravel\\framework\\src\\Illuminate\\Foundation\\Http\\Kernel.php(136): Illuminate\\Foundation\\Http\\Kernel->bootstrap()
#25 C:\\OpenServer\\domains\\lashop_test.loc\\vendor\\laravel\\framework\\src\\Illuminate\\Foundation\\Http\\Kernel.php(110): Illuminate\\Foundation\\Http\\Kernel->sendRequestThroughRouter()
#26 C:\\OpenServer\\domains\\lashop_test.loc\\public\\index.php(55): Illuminate\\Foundation\\Http\\Kernel->handle()
#27 C:\\OpenServer\\domains\\lashop_test.loc\\server.php(21): require_once('C:\\\\OpenServer\\\\d...')
#28 {main}
"} 
[2020-10-13 12:45:36] local.ERROR: Please provide a valid cache path. {"exception":"[object] (InvalidArgumentException(code: 0): Please provide a valid cache path. at C:\\OpenServer\\domains\\lashop_test.loc\\vendor\\laravel\\framework\\src\\Illuminate\\View\\Compilers\\Compiler.php:36)
[stacktrace]
#0 C:\\OpenServer\\domains\\lashop_test.loc\\vendor\\laravel\\framework\\src\\Illuminate\\View\\ViewServiceProvider.php(88): Illuminate\\View\\Compilers\\Compiler->__construct()
#1 C:\\OpenServer\\domains\\lashop_test.loc\\vendor\\laravel\\framework\\src\\Illuminate\\Container\\Container.php(805): Illuminate\\View\\ViewServiceProvider->Illuminate\\View\\{closure}()
#2 C:\\OpenServer\\domains\\lashop_test.loc\\vendor\\laravel\\framework\\src\\Illuminate\\Container\\Container.php(691): Illuminate\\Container\\Container->build()
#3 C:\\OpenServer\\domains\\lashop_test.loc\\vendor\\laravel\\framework\\src\\Illuminate\\Foundation\\Application.php(796): Illuminate\\Container\\Container->resolve()
#4 C:\\OpenServer\\domains\\lashop_test.loc\\vendor\\laravel\\framework\\src\\Illuminate\\Container\\Container.php(637): Illuminate\\Foundation\\Application->resolve()
#5 C:\\OpenServer\\domains\\lashop_test.loc\\vendor\\laravel\\framework\\src\\Illuminate\\Foundation\\Application.php(781): Illuminate\\Container\\Container->make()
#6 C:\\OpenServer\\domains\\lashop_test.loc\\vendor\\laravel\\framework\\src\\Illuminate\\Container\\Container.php(1280): Illuminate\\Foundation\\Application->make()
#7 C:\\OpenServer\\domains\\lashop_test.loc\\vendor\\laravel\\framework\\src\\Illuminate\\Support\\Facades\\Facade.php(198): Illuminate\\Container\\Container->offsetGet()
#8 C:\\OpenServer\\domains\\lashop_test.loc\\vendor\\laravel\\framework\\src\\Illuminate\\Support\\Facades\\Facade.php(166): Illuminate\\Support\\Facades\\Facade::resolveFacadeInstance()
#9 C:\\OpenServer\\domains\\lashop_test.loc\\vendor\\laravel\\framework\\src\\Illuminate\\Support\\Facades\\Facade.php(255): Illuminate\\Support\\Facades\\Facade::getFacadeRoot()
#10 C:\\OpenServer\\domains\\lashop_test.loc\\vendor\\arrilot\\laravel-widgets\\src\\ServiceProvider.php(76): Illuminate\\Support\\Facades\\Facade::__callStatic()
#11 [internal function]: Arrilot\\Widgets\\ServiceProvider->boot()
#12 C:\\OpenServer\\domains\\lashop_test.loc\\vendor\\laravel\\framework\\src\\Illuminate\\Container\\BoundMethod.php(37): call_user_func_array()
#13 C:\\OpenServer\\domains\\lashop_test.loc\\vendor\\laravel\\framework\\src\\Illuminate\\Container\\Util.php(40): Illuminate\\Container\\BoundMethod::Illuminate\\Container\\{closure}()
#14 C:\\OpenServer\\domains\\lashop_test.loc\\vendor\\laravel\\framework\\src\\Illuminate\\Container\\BoundMethod.php(95): Illuminate\\Container\\Util::unwrapIfClosure()
#15 C:\\OpenServer\\domains\\lashop_test.loc\\vendor\\laravel\\framework\\src\\Illuminate\\Container\\BoundMethod.php(39): Illuminate\\Container\\BoundMethod::callBoundMethod()
#16 C:\\OpenServer\\domains\\lashop_test.loc\\vendor\\laravel\\framework\\src\\Illuminate\\Container\\Container.php(596): Illuminate\\Container\\BoundMethod::call()
#17 C:\\OpenServer\\domains\\lashop_test.loc\\vendor\\laravel\\framework\\src\\Illuminate\\Foundation\\Application.php(869): Illuminate\\Container\\Container->call()
#18 C:\\OpenServer\\domains\\lashop_test.loc\\vendor\\laravel\\framework\\src\\Illuminate\\Foundation\\Application.php(850): Illuminate\\Foundation\\Application->bootProvider()
#19 [internal function]: Illuminate\\Foundation\\Application->Illuminate\\Foundation\\{closure}()
#20 C:\\OpenServer\\domains\\lashop_test.loc\\vendor\\laravel\\framework\\src\\Illuminate\\Foundation\\Application.php(851): array_walk()
#21 C:\\OpenServer\\domains\\lashop_test.loc\\vendor\\laravel\\framework\\src\\Illuminate\\Foundation\\Bootstrap\\BootProviders.php(17): Illuminate\\Foundation\\Application->boot()
#22 C:\\OpenServer\\domains\\lashop_test.loc\\vendor\\laravel\\framework\\src\\Illuminate\\Foundation\\Application.php(230): Illuminate\\Foundation\\Bootstrap\\BootProviders->bootstrap()
#23 C:\\OpenServer\\domains\\lashop_test.loc\\vendor\\laravel\\framework\\src\\Illuminate\\Foundation\\Http\\Kernel.php(152): Illuminate\\Foundation\\Application->bootstrapWith()
#24 C:\\OpenServer\\domains\\lashop_test.loc\\vendor\\laravel\\framework\\src\\Illuminate\\Foundation\\Http\\Kernel.php(136): Illuminate\\Foundation\\Http\\Kernel->bootstrap()
#25 C:\\OpenServer\\domains\\lashop_test.loc\\vendor\\laravel\\framework\\src\\Illuminate\\Foundation\\Http\\Kernel.php(110): Illuminate\\Foundation\\Http\\Kernel->sendRequestThroughRouter()
#26 C:\\OpenServer\\domains\\lashop_test.loc\\public\\index.php(55): Illuminate\\Foundation\\Http\\Kernel->handle()
#27 C:\\OpenServer\\domains\\lashop_test.loc\\server.php(21): require_once('C:\\\\OpenServer\\\\d...')
#28 {main}
"} 
